# JRE version: OpenJDK Runtime Environment (17.0.6) (build 17.0.6+0-b2043.56-9586694)
# Java VM: OpenJDK 64-Bit Server VM (17.0.6+0-b2043.56-9586694, mixed mode, tiered, compressed oops, compressed class ptrs, g1 gc, windows-amd64)
GC Precious Log:
 CPUs: 4 total, 4 available
 Memory: 8078M
 Large Page Support: Disabled
 NUMA Support: Disabled
 Compressed Oops: Enabled (32-bit)
 Heap Region Size: 1M
 Heap Min Capacity: 8M
 Heap Initial Capacity: 128M
 Heap Max Capacity: 2G
 Pre-touch: Disabled
 Parallel Workers: 4
 Concurrent Workers: 1
 Concurrent Refinement Workers: 4
 Periodic GC: Disabled
Heap:
 garbage-first heap   total 363520K, used 196136K [0x0000000080000000, 0x0000000100000000)
  region size 1024K, 46 young (47104K), 5 survivors (5120K)
 Metaspace       used 148304K, committed 149120K, reserved 1179648K
  class space    used 19008K, committed 19392K, reserved 1048576K
GC Heap History (20 events):
Event: 74.177 GC heap before
{Heap before GC invocations=65 (full 0):
 garbage-first heap   total 296960K, used 251966K [0x0000000080000000, 0x0000000100000000)
  region size 1024K, 146 young (149504K), 10 survivors (10240K)
 Metaspace       used 131195K, committed 131968K, reserved 1171456K
  class space    used 16549K, committed 16960K, reserved 1048576K
}
Event: 74.197 GC heap after
{Heap after GC invocations=66 (full 0):
 garbage-first heap   total 296960K, used 117200K [0x0000000080000000, 0x0000000100000000)
  region size 1024K, 13 young (13312K), 13 survivors (13312K)
 Metaspace       used 131195K, committed 131968K, reserved 1171456K
  class space    used 16549K, committed 16960K, reserved 1048576K
}
Event: 74.654 GC heap before
{Heap before GC invocations=66 (full 0):
 garbage-first heap   total 296960K, used 252368K [0x0000000080000000, 0x0000000100000000)
  region size 1024K, 145 young (148480K), 13 survivors (13312K)
 Metaspace       used 131497K, committed 132352K, reserved 1171456K
  class space    used 16600K, committed 17024K, reserved 1048576K
}
Event: 74.679 GC heap after
{Heap after GC invocations=67 (full 0):
 garbage-first heap   total 296960K, used 121454K [0x0000000080000000, 0x0000000100000000)
  region size 1024K, 14 young (14336K), 14 survivors (14336K)
 Metaspace       used 131497K, committed 132352K, reserved 1171456K
  class space    used 16600K, committed 17024K, reserved 1048576K
}
Event: 76.420 GC heap before
{Heap before GC invocations=67 (full 0):
 garbage-first heap   total 296960K, used 258670K [0x0000000080000000, 0x0000000100000000)
  region size 1024K, 141 young (144384K), 14 survivors (14336K)
 Metaspace       used 141053K, committed 141824K, reserved 1179648K
  class space    used 18104K, committed 18496K, reserved 1048576K
}
Event: 76.447 GC heap after
{Heap after GC invocations=68 (full 0):
 garbage-first heap   total 296960K, used 129397K [0x0000000080000000, 0x0000000100000000)
  region size 1024K, 16 young (16384K), 16 survivors (16384K)
 Metaspace       used 141053K, committed 141824K, reserved 1179648K
  class space    used 18104K, committed 18496K, reserved 1048576K
}
Event: 78.593 GC heap before
{Heap before GC invocations=68 (full 0):
 garbage-first heap   total 296960K, used 242037K [0x0000000080000000, 0x0000000100000000)
  region size 1024K, 127 young (130048K), 16 survivors (16384K)
 Metaspace       used 145923K, committed 146752K, reserved 1179648K
  class space    used 18701K, committed 19072K, reserved 1048576K
}
Event: 78.622 GC heap after
{Heap after GC invocations=69 (full 0):
 garbage-first heap   total 296960K, used 136014K [0x0000000080000000, 0x0000000100000000)
  region size 1024K, 9 young (9216K), 9 survivors (9216K)
 Metaspace       used 145923K, committed 146752K, reserved 1179648K
  class space    used 18701K, committed 19072K, reserved 1048576K
}
Event: 80.175 GC heap before
{Heap before GC invocations=69 (full 0):
 garbage-first heap   total 296960K, used 243534K [0x0000000080000000, 0x0000000100000000)
  region size 1024K, 112 young (114688K), 9 survivors (9216K)
 Metaspace       used 147184K, committed 148032K, reserved 1179648K
  class space    used 18850K, committed 19264K, reserved 1048576K
}
Event: 80.194 GC heap after
{Heap after GC invocations=70 (full 0):
 garbage-first heap   total 296960K, used 137644K [0x0000000080000000, 0x0000000100000000)
  region size 1024K, 3 young (3072K), 3 survivors (3072K)
 Metaspace       used 147184K, committed 148032K, reserved 1179648K
  class space    used 18850K, committed 19264K, reserved 1048576K
}
Event: 80.475 GC heap before
{Heap before GC invocations=70 (full 0):
 garbage-first heap   total 296960K, used 246188K [0x0000000080000000, 0x0000000100000000)
  region size 1024K, 109 young (111616K), 3 survivors (3072K)
 Metaspace       used 147191K, committed 148032K, reserved 1179648K
  class space    used 18851K, committed 19264K, reserved 1048576K
}
Event: 80.489 GC heap after
{Heap after GC invocations=71 (full 0):
 garbage-first heap   total 296960K, used 138962K [0x0000000080000000, 0x0000000100000000)
  region size 1024K, 4 young (4096K), 4 survivors (4096K)
 Metaspace       used 147191K, committed 148032K, reserved 1179648K
  class space    used 18851K, committed 19264K, reserved 1048576K
}
Event: 81.468 GC heap before
{Heap before GC invocations=71 (full 0):
 garbage-first heap   total 296960K, used 250578K [0x0000000080000000, 0x0000000100000000)
  region size 1024K, 112 young (114688K), 4 survivors (4096K)
 Metaspace       used 147688K, committed 148480K, reserved 1179648K
  class space    used 18958K, committed 19328K, reserved 1048576K
}
Event: 81.490 GC heap after
{Heap after GC invocations=72 (full 0):
 garbage-first heap   total 296960K, used 148377K [0x0000000080000000, 0x0000000100000000)
  region size 1024K, 13 young (13312K), 13 survivors (13312K)
 Metaspace       used 147688K, committed 148480K, reserved 1179648K
  class space    used 18958K, committed 19328K, reserved 1048576K
}
Event: 82.272 GC heap before
{Heap before GC invocations=72 (full 0):
 garbage-first heap   total 296960K, used 245657K [0x0000000080000000, 0x0000000100000000)
  region size 1024K, 108 young (110592K), 13 survivors (13312K)
 Metaspace       used 147910K, committed 148736K, reserved 1179648K
  class space    used 18974K, committed 19392K, reserved 1048576K
}
Event: 82.289 GC heap after
{Heap after GC invocations=73 (full 0):
 garbage-first heap   total 296960K, used 144556K [0x0000000080000000, 0x0000000100000000)
  region size 1024K, 5 young (5120K), 5 survivors (5120K)
 Metaspace       used 147910K, committed 148736K, reserved 1179648K
  class space    used 18974K, committed 19392K, reserved 1048576K
}
Event: 82.898 GC heap before
{Heap before GC invocations=73 (full 0):
 garbage-first heap   total 296960K, used 244908K [0x0000000080000000, 0x0000000100000000)
  region size 1024K, 104 young (106496K), 5 survivors (5120K)
 Metaspace       used 148071K, committed 148928K, reserved 1179648K
  class space    used 18992K, committed 19392K, reserved 1048576K
}
Event: 82.921 GC heap after
{Heap after GC invocations=74 (full 0):
 garbage-first heap   total 296960K, used 152773K [0x0000000080000000, 0x0000000100000000)
  region size 1024K, 13 young (13312K), 13 survivors (13312K)
 Metaspace       used 148071K, committed 148928K, reserved 1179648K
  class space    used 18992K, committed 19392K, reserved 1048576K
}
Event: 83.551 GC heap before
{Heap before GC invocations=74 (full 0):
 garbage-first heap   total 296960K, used 244933K [0x0000000080000000, 0x0000000100000000)
  region size 1024K, 104 young (106496K), 13 survivors (13312K)
 Metaspace       used 148256K, committed 149120K, reserved 1179648K
  class space    used 19008K, committed 19392K, reserved 1048576K
}
Event: 83.574 GC heap after
{Heap after GC invocations=75 (full 0):
 garbage-first heap   total 363520K, used 155176K [0x0000000080000000, 0x0000000100000000)
  region size 1024K, 5 young (5120K), 5 survivors (5120K)
 Metaspace       used 148256K, committed 149120K, reserved 1179648K
  class space    used 19008K, committed 19392K, reserved 1048576K
}

