# JRE version: OpenJDK Runtime Environment (11.0.8+10) (build 11.0.8+10-b944.6842174)
# Java VM: OpenJDK 64-Bit Server VM (11.0.8+10-b944.6842174, mixed mode, tiered, compressed oops, g1 gc, windows-amd64)
Heap:
 garbage-first heap   total 194560K, used 36630K [0x0000000080000000, 0x0000000100000000)
  region size 1024K, 12 young (12288K), 12 survivors (12288K)
 Metaspace       used 47289K, capacity 48477K, committed 48508K, reserved 1101824K
  class space    used 6013K, capacity 6394K, committed 6400K, reserved 1048576K
GC Heap History (18 events):
Event: 0.801 GC heap before
{Heap before GC invocations=0 (full 0):
 garbage-first heap   total 131072K, used 19456K [0x0000000080000000, 0x0000000100000000)
  region size 1024K, 14 young (14336K), 0 survivors (0K)
 Metaspace       used 7461K, capacity 7663K, committed 7936K, reserved 1056768K
  class space    used 688K, capacity 748K, committed 768K, reserved 1048576K
}
Event: 0.847 GC heap after
{Heap after GC invocations=1 (full 0):
 garbage-first heap   total 131072K, used 7960K [0x0000000080000000, 0x0000000100000000)
  region size 1024K, 2 young (2048K), 2 survivors (2048K)
 Metaspace       used 7461K, capacity 7663K, committed 7936K, reserved 1056768K
  class space    used 688K, capacity 748K, committed 768K, reserved 1048576K
}
Event: 1.325 GC heap before
{Heap before GC invocations=1 (full 0):
 garbage-first heap   total 131072K, used 20248K [0x0000000080000000, 0x0000000100000000)
  region size 1024K, 14 young (14336K), 2 survivors (2048K)
 Metaspace       used 10862K, capacity 11128K, committed 11264K, reserved 1058816K
  class space    used 1144K, capacity 1201K, committed 1280K, reserved 1048576K
}
Event: 1.328 GC heap after
{Heap after GC invocations=2 (full 0):
 garbage-first heap   total 131072K, used 8914K [0x0000000080000000, 0x0000000100000000)
  region size 1024K, 1 young (1024K), 1 survivors (1024K)
 Metaspace       used 10862K, capacity 11128K, committed 11264K, reserved 1058816K
  class space    used 1144K, capacity 1201K, committed 1280K, reserved 1048576K
}
Event: 1.881 GC heap before
{Heap before GC invocations=2 (full 0):
 garbage-first heap   total 131072K, used 36562K [0x0000000080000000, 0x0000000100000000)
  region size 1024K, 29 young (29696K), 1 survivors (1024K)
 Metaspace       used 11016K, capacity 11256K, committed 11520K, reserved 1058816K
  class space    used 1146K, capacity 1201K, committed 1280K, reserved 1048576K
}
Event: 1.886 GC heap after
{Heap after GC invocations=3 (full 0):
 garbage-first heap   total 131072K, used 13212K [0x0000000080000000, 0x0000000100000000)
  region size 1024K, 4 young (4096K), 4 survivors (4096K)
 Metaspace       used 11016K, capacity 11256K, committed 11520K, reserved 1058816K
  class space    used 1146K, capacity 1201K, committed 1280K, reserved 1048576K
}
Event: 4.623 GC heap before
{Heap before GC invocations=3 (full 0):
 garbage-first heap   total 131072K, used 55196K [0x0000000080000000, 0x0000000100000000)
  region size 1024K, 45 young (46080K), 4 survivors (4096K)
 Metaspace       used 18968K, capacity 19454K, committed 19712K, reserved 1067008K
  class space    used 2290K, capacity 2458K, committed 2560K, reserved 1048576K
}
Event: 4.668 GC heap after
{Heap after GC invocations=4 (full 0):
 garbage-first heap   total 131072K, used 15881K [0x0000000080000000, 0x0000000100000000)
  region size 1024K, 3 young (3072K), 3 survivors (3072K)
 Metaspace       used 18968K, capacity 19454K, committed 19712K, reserved 1067008K
  class space    used 2290K, capacity 2458K, committed 2560K, reserved 1048576K
}
Event: 4.978 GC heap before
{Heap before GC invocations=4 (full 0):
 garbage-first heap   total 131072K, used 27145K [0x0000000080000000, 0x0000000100000000)
  region size 1024K, 15 young (15360K), 3 survivors (3072K)
 Metaspace       used 20613K, capacity 21127K, committed 21296K, reserved 1069056K
  class space    used 2520K, capacity 2680K, committed 2688K, reserved 1048576K
}
Event: 4.986 GC heap after
{Heap after GC invocations=5 (full 0):
 garbage-first heap   total 131072K, used 16411K [0x0000000080000000, 0x0000000100000000)
  region size 1024K, 4 young (4096K), 4 survivors (4096K)
 Metaspace       used 20613K, capacity 21127K, committed 21296K, reserved 1069056K
  class space    used 2520K, capacity 2680K, committed 2688K, reserved 1048576K
}
Event: 6.432 GC heap before
{Heap before GC invocations=6 (full 0):
 garbage-first heap   total 131072K, used 65563K [0x0000000080000000, 0x0000000100000000)
  region size 1024K, 52 young (53248K), 4 survivors (4096K)
 Metaspace       used 26123K, capacity 26725K, committed 26928K, reserved 1073152K
  class space    used 3407K, capacity 3634K, committed 3712K, reserved 1048576K
}
Event: 6.440 GC heap after
{Heap after GC invocations=7 (full 0):
 garbage-first heap   total 131072K, used 18215K [0x0000000080000000, 0x0000000100000000)
  region size 1024K, 5 young (5120K), 5 survivors (5120K)
 Metaspace       used 26123K, capacity 26725K, committed 26928K, reserved 1073152K
  class space    used 3407K, capacity 3634K, committed 3712K, reserved 1048576K
}
Event: 8.855 GC heap before
{Heap before GC invocations=7 (full 0):
 garbage-first heap   total 131072K, used 68391K [0x0000000080000000, 0x0000000100000000)
  region size 1024K, 55 young (56320K), 5 survivors (5120K)
 Metaspace       used 34888K, capacity 35629K, committed 35708K, reserved 1081344K
  class space    used 4531K, capacity 4817K, committed 4864K, reserved 1048576K
}
Event: 8.874 GC heap after
{Heap after GC invocations=8 (full 0):
 garbage-first heap   total 131072K, used 21662K [0x0000000080000000, 0x0000000100000000)
  region size 1024K, 6 young (6144K), 6 survivors (6144K)
 Metaspace       used 34888K, capacity 35629K, committed 35708K, reserved 1081344K
  class space    used 4531K, capacity 4817K, committed 4864K, reserved 1048576K
}
Event: 11.595 GC heap before
{Heap before GC invocations=9 (full 0):
 garbage-first heap   total 131072K, used 81054K [0x0000000080000000, 0x0000000100000000)
  region size 1024K, 61 young (62464K), 6 survivors (6144K)
 Metaspace       used 40647K, capacity 41543K, committed 41724K, reserved 1085440K
  class space    used 5184K, capacity 5501K, committed 5504K, reserved 1048576K
}
Event: 11.609 GC heap after
{Heap after GC invocations=10 (full 0):
 garbage-first heap   total 131072K, used 24657K [0x0000000080000000, 0x0000000100000000)
  region size 1024K, 7 young (7168K), 7 survivors (7168K)
 Metaspace       used 40647K, capacity 41543K, committed 41724K, reserved 1085440K
  class space    used 5184K, capacity 5501K, committed 5504K, reserved 1048576K
}
Event: 14.379 GC heap before
{Heap before GC invocations=10 (full 0):
 garbage-first heap   total 131072K, used 84049K [0x0000000080000000, 0x0000000100000000)
  region size 1024K, 65 young (66560K), 7 survivors (7168K)
 Metaspace       used 44301K, capacity 45387K, committed 45692K, reserved 1089536K
  class space    used 5668K, capacity 6040K, committed 6144K, reserved 1048576K
}
Event: 14.394 GC heap after
{Heap after GC invocations=11 (full 0):
 garbage-first heap   total 194560K, used 27262K [0x0000000080000000, 0x0000000100000000)
  region size 1024K, 6 young (6144K), 6 survivors (6144K)
 Metaspace       used 44301K, capacity 45387K, committed 45692K, reserved 1089536K
  class space    used 5668K, capacity 6040K, committed 6144K, reserved 1048576K
}

