# JRE version: OpenJDK Runtime Environment (17.0.6) (build 17.0.6+0-b2043.56-9586694)
# Java VM: OpenJDK 64-Bit Server VM (17.0.6+0-b2043.56-9586694, mixed mode, tiered, compressed oops, compressed class ptrs, g1 gc, windows-amd64)
GC Precious Log:
 CPUs: 4 total, 4 available
 Memory: 8078M
 Large Page Support: Disabled
 NUMA Support: Disabled
 Compressed Oops: Enabled (32-bit)
 Heap Region Size: 1M
 Heap Min Capacity: 8M
 Heap Initial Capacity: 128M
 Heap Max Capacity: 2G
 Pre-touch: Disabled
 Parallel Workers: 4
 Concurrent Workers: 1
 Concurrent Refinement Workers: 4
 Periodic GC: Disabled
Heap:
 garbage-first heap   total 473088K, used 313286K [0x0000000080000000, 0x0000000100000000)
  region size 1024K, 119 young (121856K), 8 survivors (8192K)
 Metaspace       used 113596K, committed 114496K, reserved 1155072K
  class space    used 14971K, committed 15360K, reserved 1048576K
GC Heap History (20 events):
Event: 67.748 GC heap before
{Heap before GC invocations=99 (full 0):
 garbage-first heap   total 473088K, used 414535K [0x0000000080000000, 0x0000000100000000)
  region size 1024K, 258 young (264192K), 5 survivors (5120K)
 Metaspace       used 70663K, committed 71232K, reserved 1114112K
  class space    used 9037K, committed 9280K, reserved 1048576K
}
Event: 67.753 GC heap after
{Heap after GC invocations=100 (full 0):
 garbage-first heap   total 473088K, used 156480K [0x0000000080000000, 0x0000000100000000)
  region size 1024K, 6 young (6144K), 6 survivors (6144K)
 Metaspace       used 70663K, committed 71232K, reserved 1114112K
  class space    used 9037K, committed 9280K, reserved 1048576K
}
Event: 68.068 GC heap before
{Heap before GC invocations=100 (full 0):
 garbage-first heap   total 473088K, used 414528K [0x0000000080000000, 0x0000000100000000)
  region size 1024K, 258 young (264192K), 6 survivors (6144K)
 Metaspace       used 70664K, committed 71232K, reserved 1114112K
  class space    used 9037K, committed 9280K, reserved 1048576K
}
Event: 68.073 GC heap after
{Heap after GC invocations=101 (full 0):
 garbage-first heap   total 473088K, used 153644K [0x0000000080000000, 0x0000000100000000)
  region size 1024K, 4 young (4096K), 4 survivors (4096K)
 Metaspace       used 70664K, committed 71232K, reserved 1114112K
  class space    used 9037K, committed 9280K, reserved 1048576K
}
Event: 68.567 GC heap before
{Heap before GC invocations=101 (full 0):
 garbage-first heap   total 473088K, used 416812K [0x0000000080000000, 0x0000000100000000)
  region size 1024K, 259 young (265216K), 4 survivors (4096K)
 Metaspace       used 70674K, committed 71232K, reserved 1114112K
  class space    used 9037K, committed 9280K, reserved 1048576K
}
Event: 68.570 GC heap after
{Heap after GC invocations=102 (full 0):
 garbage-first heap   total 473088K, used 151887K [0x0000000080000000, 0x0000000100000000)
  region size 1024K, 2 young (2048K), 2 survivors (2048K)
 Metaspace       used 70674K, committed 71232K, reserved 1114112K
  class space    used 9037K, committed 9280K, reserved 1048576K
}
Event: 70.093 GC heap before
{Heap before GC invocations=102 (full 0):
 garbage-first heap   total 473088K, used 417103K [0x0000000080000000, 0x0000000100000000)
  region size 1024K, 260 young (266240K), 2 survivors (2048K)
 Metaspace       used 70712K, committed 71232K, reserved 1114112K
  class space    used 9037K, committed 9280K, reserved 1048576K
}
Event: 70.097 GC heap after
{Heap after GC invocations=103 (full 0):
 garbage-first heap   total 473088K, used 152018K [0x0000000080000000, 0x0000000100000000)
  region size 1024K, 2 young (2048K), 2 survivors (2048K)
 Metaspace       used 70712K, committed 71232K, reserved 1114112K
  class space    used 9037K, committed 9280K, reserved 1048576K
}
Event: 70.865 GC heap before
{Heap before GC invocations=103 (full 0):
 garbage-first heap   total 473088K, used 418258K [0x0000000080000000, 0x0000000100000000)
  region size 1024K, 261 young (267264K), 2 survivors (2048K)
 Metaspace       used 70733K, committed 71232K, reserved 1114112K
  class space    used 9037K, committed 9280K, reserved 1048576K
}
Event: 70.868 GC heap after
{Heap after GC invocations=104 (full 0):
 garbage-first heap   total 473088K, used 151800K [0x0000000080000000, 0x0000000100000000)
  region size 1024K, 2 young (2048K), 2 survivors (2048K)
 Metaspace       used 70733K, committed 71232K, reserved 1114112K
  class space    used 9037K, committed 9280K, reserved 1048576K
}
Event: 71.729 GC heap before
{Heap before GC invocations=104 (full 0):
 garbage-first heap   total 473088K, used 417016K [0x0000000080000000, 0x0000000100000000)
  region size 1024K, 262 young (268288K), 2 survivors (2048K)
 Metaspace       used 70735K, committed 71232K, reserved 1114112K
  class space    used 9037K, committed 9280K, reserved 1048576K
}
Event: 71.732 GC heap after
{Heap after GC invocations=105 (full 0):
 garbage-first heap   total 473088K, used 151222K [0x0000000080000000, 0x0000000100000000)
  region size 1024K, 2 young (2048K), 2 survivors (2048K)
 Metaspace       used 70735K, committed 71232K, reserved 1114112K
  class space    used 9037K, committed 9280K, reserved 1048576K
}
Event: 103.293 GC heap before
{Heap before GC invocations=105 (full 0):
 garbage-first heap   total 473088K, used 420534K [0x0000000080000000, 0x0000000100000000)
  region size 1024K, 257 young (263168K), 2 survivors (2048K)
 Metaspace       used 85521K, committed 86208K, reserved 1130496K
  class space    used 11027K, committed 11392K, reserved 1048576K
}
Event: 103.317 GC heap after
{Heap after GC invocations=106 (full 0):
 garbage-first heap   total 473088K, used 172360K [0x0000000080000000, 0x0000000100000000)
  region size 1024K, 20 young (20480K), 20 survivors (20480K)
 Metaspace       used 85521K, committed 86208K, reserved 1130496K
  class space    used 11027K, committed 11392K, reserved 1048576K
}
Event: 145.635 GC heap before
{Heap before GC invocations=107 (full 0):
 garbage-first heap   total 473088K, used 405832K [0x0000000080000000, 0x0000000100000000)
  region size 1024K, 242 young (247808K), 20 survivors (20480K)
 Metaspace       used 97022K, committed 97856K, reserved 1138688K
  class space    used 12788K, committed 13184K, reserved 1048576K
}
Event: 145.670 GC heap after
{Heap after GC invocations=108 (full 0):
 garbage-first heap   total 473088K, used 194618K [0x0000000080000000, 0x0000000100000000)
  region size 1024K, 16 young (16384K), 16 survivors (16384K)
 Metaspace       used 97022K, committed 97856K, reserved 1138688K
  class space    used 12788K, committed 13184K, reserved 1048576K
}
Event: 145.782 GC heap before
{Heap before GC invocations=108 (full 0):
 garbage-first heap   total 473088K, used 200762K [0x0000000080000000, 0x0000000100000000)
  region size 1024K, 23 young (23552K), 16 survivors (16384K)
 Metaspace       used 97298K, committed 98112K, reserved 1138688K
  class space    used 12820K, committed 13248K, reserved 1048576K
}
Event: 145.798 GC heap after
{Heap after GC invocations=109 (full 0):
 garbage-first heap   total 473088K, used 193144K [0x0000000080000000, 0x0000000100000000)
  region size 1024K, 2 young (2048K), 2 survivors (2048K)
 Metaspace       used 97298K, committed 98112K, reserved 1138688K
  class space    used 12820K, committed 13248K, reserved 1048576K
}
Event: 148.713 GC heap before
{Heap before GC invocations=109 (full 0):
 garbage-first heap   total 473088K, used 396920K [0x0000000080000000, 0x0000000100000000)
  region size 1024K, 199 young (203776K), 2 survivors (2048K)
 Metaspace       used 106452K, committed 107328K, reserved 1146880K
  class space    used 14038K, committed 14464K, reserved 1048576K
}
Event: 148.736 GC heap after
{Heap after GC invocations=110 (full 0):
 garbage-first heap   total 473088K, used 200646K [0x0000000080000000, 0x0000000100000000)
  region size 1024K, 8 young (8192K), 8 survivors (8192K)
 Metaspace       used 106452K, committed 107328K, reserved 1146880K
  class space    used 14038K, committed 14464K, reserved 1048576K
}

